Using pre-set license
Built from '2021.3/staging' branch; Version is '2021.3.2f1 (d6360bedb9a0) revision 14038539'; Using compiler version '192829333'; Build Type 'Release'
OS: 'Windows 11  (10.0.22000) 64bit Core' Language: 'en' Physical Memory: 15720 MB
BatchMode: 1, IsHumanControllingUs: 0, StartBugReporterOnCrash: 0, Is64bit: 1, IsPro: 1

COMMAND LINE ARGUMENTS:
C:\Program Files\Unity\Hub\Editor\2021.3.2f1\Editor\Unity.exe
-adb2
-batchMode
-noUpm
-name
AssetImportWorker0
-projectPath
D:/Projects/Unity/UnityWebglResponsiveTemplate
-logFile
Logs/AssetImportWorker0.log
-srvPort
60114
Successfully changed project path to: D:/Projects/Unity/UnityWebglResponsiveTemplate
D:/Projects/Unity/UnityWebglResponsiveTemplate
[UnityMemory] Configuration Parameters - Can be set up in boot.config
    "memorysetup-bucket-allocator-granularity=16"
    "memorysetup-bucket-allocator-bucket-count=8"
    "memorysetup-bucket-allocator-block-size=33554432"
    "memorysetup-bucket-allocator-block-count=8"
    "memorysetup-main-allocator-block-size=16777216"
    "memorysetup-thread-allocator-block-size=16777216"
    "memorysetup-gfx-main-allocator-block-size=16777216"
    "memorysetup-gfx-thread-allocator-block-size=16777216"
    "memorysetup-cache-allocator-block-size=4194304"
    "memorysetup-typetree-allocator-block-size=2097152"
    "memorysetup-profiler-bucket-allocator-granularity=16"
    "memorysetup-profiler-bucket-allocator-bucket-count=8"
    "memorysetup-profiler-bucket-allocator-block-size=33554432"
    "memorysetup-profiler-bucket-allocator-block-count=8"
    "memorysetup-profiler-allocator-block-size=16777216"
    "memorysetup-profiler-editor-allocator-block-size=1048576"
    "memorysetup-temp-allocator-size-main=16777216"
    "memorysetup-job-temp-allocator-block-size=2097152"
    "memorysetup-job-temp-allocator-block-size-background=1048576"
    "memorysetup-job-temp-allocator-reduction-small-platforms=262144"
    "memorysetup-temp-allocator-size-background-worker=32768"
    "memorysetup-temp-allocator-size-job-worker=262144"
    "memorysetup-temp-allocator-size-preload-manager=33554432"
    "memorysetup-temp-allocator-size-nav-mesh-worker=65536"
    "memorysetup-temp-allocator-size-audio-worker=65536"
    "memorysetup-temp-allocator-size-cloud-worker=32768"
    "memorysetup-temp-allocator-size-gi-baking-worker=262144"
    "memorysetup-temp-allocator-size-gfx=262144"
Refreshing native plugins compatible for Editor in 63.91 ms, found 3 plugins.
Preloading 0 native plugins for Editor in 0.00 ms.
Initialize engine version: 2021.3.2f1 (d6360bedb9a0)
[Subsystems] Discovering subsystems at path C:/Program Files/Unity/Hub/Editor/2021.3.2f1/Editor/Data/Resources/UnitySubsystems
[Subsystems] Discovering subsystems at path D:/Projects/Unity/UnityWebglResponsiveTemplate/Assets
GfxDevice: creating device client; threaded=0; jobified=0
Direct3D:
    Version:  Direct3D 11.0 [level 11.1]
    Renderer: NVIDIA GeForce RTX 3060 Laptop GPU (ID=0x2560)
    Vendor:   NVIDIA
    VRAM:     6023 MB
    Driver:   30.0.15.1295
Initialize mono
Mono path[0] = 'C:/Program Files/Unity/Hub/Editor/2021.3.2f1/Editor/Data/Managed'
Mono path[1] = 'C:/Program Files/Unity/Hub/Editor/2021.3.2f1/Editor/Data/MonoBleedingEdge/lib/mono/unityjit-win32'
Mono config path = 'C:/Program Files/Unity/Hub/Editor/2021.3.2f1/Editor/Data/MonoBleedingEdge/etc'
Using monoOptions --debugger-agent=transport=dt_socket,embedding=1,server=y,suspend=n,address=127.0.0.1:56016
Begin MonoManager ReloadAssembly
Registering precompiled unity dll's ...
Register platform support module: C:/Program Files/Unity/Hub/Editor/2021.3.2f1/Editor/Data/PlaybackEngines/WebGLSupport/UnityEditor.WebGL.Extensions.dll
Register platform support module: C:/Program Files/Unity/Hub/Editor/2021.3.2f1/Editor/Data/PlaybackEngines/WindowsStandaloneSupport/UnityEditor.WindowsStandalone.Extensions.dll
Registered in 0.007463 seconds.
Native extension for WindowsStandalone target not found
Native extension for WebGL target not found
Refreshing native plugins compatible for Editor in 79.39 ms, found 3 plugins.
Preloading 0 native plugins for Editor in 0.00 ms.
Mono: successfully reloaded assembly
- Completed reload, in  0.603 seconds
Domain Reload Profiling:
	ReloadAssembly (604ms)
		BeginReloadAssembly (58ms)
			ExecutionOrderSort (0ms)
			DisableScriptedObjects (0ms)
			BackupInstance (0ms)
			ReleaseScriptingObjects (0ms)
			CreateAndSetChildDomain (1ms)
		EndReloadAssembly (445ms)
			LoadAssemblies (57ms)
			RebuildTransferFunctionScriptingTraits (0ms)
			SetupTypeCache (109ms)
			ReleaseScriptCaches (0ms)
			RebuildScriptCaches (28ms)
			SetupLoadedEditorAssemblies (260ms)
				LogAssemblyErrors (0ms)
				InitializePlatformSupportModulesInManaged (7ms)
				SetLoadedEditorAssemblies (0ms)
				RefreshPlugins (80ms)
				BeforeProcessingInitializeOnLoad (1ms)
				ProcessInitializeOnLoadAttributes (119ms)
				ProcessInitializeOnLoadMethodAttributes (51ms)
				AfterProcessingInitializeOnLoad (0ms)
				EditorAssembliesLoaded (0ms)
			ExecutionOrderSort2 (0ms)
			AwakeInstancesAfterBackupRestoration (0ms)
Platform modules already initialized, skipping
Registering precompiled user dll's ...
Registered in 0.002152 seconds.
Begin MonoManager ReloadAssembly
Symbol file LoadedFromMemory doesn't match image D:\Projects\Unity\UnityWebglResponsiveTemplate\Library\PackageCache\com.unity.visualscripting@1.7.6\Editor\VisualScripting.Core\Dependencies\YamlDotNet\Unity.VisualScripting.YamlDotNet.dll
Symbol file LoadedFromMemory doesn't match image D:\Projects\Unity\UnityWebglResponsiveTemplate\Library\PackageCache\com.unity.visualscripting@1.7.6\Editor\VisualScripting.Core\Dependencies\DotNetZip\Unity.VisualScripting.IonicZip.dll
Native extension for WindowsStandalone target not found
Native extension for WebGL target not found
Refreshing native plugins compatible for Editor in 1.48 ms, found 3 plugins.
Preloading 0 native plugins for Editor in 0.00 ms.
Mono: successfully reloaded assembly
- Completed reload, in  0.935 seconds
Domain Reload Profiling:
	ReloadAssembly (936ms)
		BeginReloadAssembly (110ms)
			ExecutionOrderSort (0ms)
			DisableScriptedObjects (6ms)
			BackupInstance (0ms)
			ReleaseScriptingObjects (0ms)
			CreateAndSetChildDomain (25ms)
		EndReloadAssembly (712ms)
			LoadAssemblies (67ms)
			RebuildTransferFunctionScriptingTraits (0ms)
			SetupTypeCache (214ms)
			ReleaseScriptCaches (1ms)
			RebuildScriptCaches (46ms)
			SetupLoadedEditorAssemblies (343ms)
				LogAssemblyErrors (0ms)
				InitializePlatformSupportModulesInManaged (7ms)
				SetLoadedEditorAssemblies (1ms)
				RefreshPlugins (2ms)
				BeforeProcessingInitializeOnLoad (72ms)
				ProcessInitializeOnLoadAttributes (224ms)
				ProcessInitializeOnLoadMethodAttributes (33ms)
				AfterProcessingInitializeOnLoad (4ms)
				EditorAssembliesLoaded (0ms)
			ExecutionOrderSort2 (0ms)
			AwakeInstancesAfterBackupRestoration (5ms)
Platform modules already initialized, skipping
========================================================================
Worker process is ready to serve import requests
Launched and connected shader compiler UnityShaderCompiler.exe after 0.04 seconds
Refreshing native plugins compatible for Editor in 0.91 ms, found 3 plugins.
Preloading 0 native plugins for Editor in 0.00 ms.
Unloading 3239 Unused Serialized files (Serialized files now loaded: 0)
Unloading 23 unused Assets / (56.0 KB). Loaded Objects now: 3699.
Memory consumption went from 111.4 MB to 111.3 MB.
Total: 6.573300 ms (FindLiveObjects: 0.746900 ms CreateObjectMapping: 0.472900 ms MarkObjects: 5.037500 ms  DeleteObjects: 0.314500 ms)

AssetImportParameters requested are different than current active one (requested -> active):
  custom:video-decoder-ogg-theora: a1e56fd34408186e4bbccfd4996cb3dc -> 
  custom:container-muxer-webm: aa71ff27fc2769a1b78a27578f13a17b -> 
  custom:container-demuxer-webm: 4f35f7cbe854078d1ac9338744f61a02 -> 
  custom:video-encoder-webm-vp8: eb34c28f22e8b96e1ab97ce403110664 -> 
  custom:audio-encoder-webm-vorbis: bf7c407c2cedff20999df2af8eb42d56 -> 
  custom:framework-win-MediaFoundation: 216162199b28c13a410421893ffa2e32 -> 
  custom:container-demuxer-ogg: 62fdf1f143b41e24485cea50d1cbac27 -> 
  custom:video-decoder-webm-vp8: 9c59270c3fd7afecdb556c50c9e8de78 -> 
  custom:audio-decoder-ogg-vorbis: bf7c407c2cedff20999df2af8eb42d56 -> 
========================================================================
Received Import Request.
  Time since last request: 255193.589473 seconds.
  path: Assets/WebGLTemplates/Responsive
  artifactKey: Guid(4ee0886aae62a40d2a803acfa696ebc0) Importer(815301076,1909f56bfc062723c751e8b465ee728b)
Start importing Assets/WebGLTemplates/Responsive using Guid(4ee0886aae62a40d2a803acfa696ebc0) Importer(815301076,1909f56bfc062723c751e8b465ee728b)  -> (artifact id: '5f688431d0003f96330d7c85b453449a') in 0.015105 seconds 
========================================================================
Received Import Request.
  Time since last request: 34.780379 seconds.
  path: Assets/WebGLTemplates/Example/RotatingCube.cs
  artifactKey: Guid(f6447b98e3ed442f4ab1a5a7521111f0) Importer(815301076,1909f56bfc062723c751e8b465ee728b)
Start importing Assets/WebGLTemplates/Example/RotatingCube.cs using Guid(f6447b98e3ed442f4ab1a5a7521111f0) Importer(815301076,1909f56bfc062723c751e8b465ee728b)  -> (artifact id: 'ada447d2c9525fa803f647ac1d537d32') in 0.021400 seconds 
========================================================================
Received Import Request.
  Time since last request: 3.055692 seconds.
  path: Assets/WebGLTemplates/Example/ExampleScene.unity
  artifactKey: Guid(4abb8fe0ff161449dbd77cc3c5b7f2d3) Importer(815301076,1909f56bfc062723c751e8b465ee728b)
Start importing Assets/WebGLTemplates/Example/ExampleScene.unity using Guid(4abb8fe0ff161449dbd77cc3c5b7f2d3) Importer(815301076,1909f56bfc062723c751e8b465ee728b)  -> (artifact id: 'ce7448a04b5fe695b5f18c2c7845b314') in 0.007401 seconds 
========================================================================
Received Prepare
Refreshing native plugins compatible for Editor in 3.78 ms, found 3 plugins.
Preloading 0 native plugins for Editor in 0.00 ms.
Unloading 16 Unused Serialized files (Serialized files now loaded: 0)
Unloading 16 unused Assets / (21.9 KB). Loaded Objects now: 3699.
Memory consumption went from 46.7 MB to 46.6 MB.
Total: 6.285600 ms (FindLiveObjects: 0.631700 ms CreateObjectMapping: 0.489300 ms MarkObjects: 5.125100 ms  DeleteObjects: 0.038200 ms)

AssetImportParameters requested are different than current active one (requested -> active):
  custom:video-decoder-ogg-theora: a1e56fd34408186e4bbccfd4996cb3dc -> 
  custom:container-muxer-webm: aa71ff27fc2769a1b78a27578f13a17b -> 
  custom:container-demuxer-webm: 4f35f7cbe854078d1ac9338744f61a02 -> 
  custom:video-encoder-webm-vp8: eb34c28f22e8b96e1ab97ce403110664 -> 
  custom:audio-encoder-webm-vorbis: bf7c407c2cedff20999df2af8eb42d56 -> 
  custom:framework-win-MediaFoundation: 216162199b28c13a410421893ffa2e32 -> 
  custom:container-demuxer-ogg: 62fdf1f143b41e24485cea50d1cbac27 -> 
  custom:video-decoder-webm-vp8: 9c59270c3fd7afecdb556c50c9e8de78 -> 
  custom:audio-decoder-ogg-vorbis: bf7c407c2cedff20999df2af8eb42d56 -> 
========================================================================
Received Import Request.
  Time since last request: 504.915698 seconds.
  path: Assets/WebGLTemplates/Responsive/responsiveMinimalTemplateLoader.js
  artifactKey: Guid(93296c478cc354182bbce01fdcf6dd23) Importer(815301076,1909f56bfc062723c751e8b465ee728b)
Start importing Assets/WebGLTemplates/Responsive/responsiveMinimalTemplateLoader.js using Guid(93296c478cc354182bbce01fdcf6dd23) Importer(815301076,1909f56bfc062723c751e8b465ee728b)  -> (artifact id: '0423fb6644176d70b49ca141c95a3cc6') in 0.018337 seconds 
========================================================================
Received Import Request.
  Time since last request: 15.987039 seconds.
  path: Assets/WebGLTemplates/Responsive/responsiveMinimalTemplateLoader.js
  artifactKey: Guid(93296c478cc354182bbce01fdcf6dd23) Importer(815301076,1909f56bfc062723c751e8b465ee728b)
Start importing Assets/WebGLTemplates/Responsive/responsiveMinimalTemplateLoader.js using Guid(93296c478cc354182bbce01fdcf6dd23) Importer(815301076,1909f56bfc062723c751e8b465ee728b)  -> (artifact id: 'b43c6b38286bb8d3fc1e97470a6155c8') in 0.004615 seconds 
========================================================================
Received Prepare
Refreshing native plugins compatible for Editor in 2.33 ms, found 3 plugins.
Preloading 0 native plugins for Editor in 0.00 ms.
Unloading 16 Unused Serialized files (Serialized files now loaded: 0)
Unloading 16 unused Assets / (21.9 KB). Loaded Objects now: 3699.
Memory consumption went from 46.7 MB to 46.7 MB.
Total: 3.873900 ms (FindLiveObjects: 0.388100 ms CreateObjectMapping: 0.122300 ms MarkObjects: 3.338200 ms  DeleteObjects: 0.024400 ms)

AssetImportParameters requested are different than current active one (requested -> active):
  custom:video-decoder-ogg-theora: a1e56fd34408186e4bbccfd4996cb3dc -> 
  custom:container-muxer-webm: aa71ff27fc2769a1b78a27578f13a17b -> 
  custom:container-demuxer-webm: 4f35f7cbe854078d1ac9338744f61a02 -> 
  custom:video-encoder-webm-vp8: eb34c28f22e8b96e1ab97ce403110664 -> 
  custom:audio-encoder-webm-vorbis: bf7c407c2cedff20999df2af8eb42d56 -> 
  custom:framework-win-MediaFoundation: 216162199b28c13a410421893ffa2e32 -> 
  custom:container-demuxer-ogg: 62fdf1f143b41e24485cea50d1cbac27 -> 
  custom:video-decoder-webm-vp8: 9c59270c3fd7afecdb556c50c9e8de78 -> 
  custom:audio-decoder-ogg-vorbis: bf7c407c2cedff20999df2af8eb42d56 -> 
========================================================================
Received Import Request.
  Time since last request: 234.290654 seconds.
  path: Assets/WebGLTemplates/Better2020/TemplateData
  artifactKey: Guid(9058e872412fc7f4cabc01e4305948e1) Importer(815301076,1909f56bfc062723c751e8b465ee728b)
Start importing Assets/WebGLTemplates/Better2020/TemplateData using Guid(9058e872412fc7f4cabc01e4305948e1) Importer(815301076,1909f56bfc062723c751e8b465ee728b)  -> (artifact id: '1e91579ea3636ee365d9c8285b920e74') in 0.006878 seconds 
========================================================================
Received Import Request.
  Time since last request: 0.724053 seconds.
  path: Assets/WebGLTemplates/Better2020/index.html
  artifactKey: Guid(010cecec326b7164b93ad1e497c198ce) Importer(815301076,1909f56bfc062723c751e8b465ee728b)
Start importing Assets/WebGLTemplates/Better2020/index.html using Guid(010cecec326b7164b93ad1e497c198ce) Importer(815301076,1909f56bfc062723c751e8b465ee728b)  -> (artifact id: '98675c36f7bb7396bbfff208f4c98123') in 0.008577 seconds 
========================================================================
Received Prepare
Refreshing native plugins compatible for Editor in 2.48 ms, found 3 plugins.
Preloading 0 native plugins for Editor in 0.00 ms.
Unloading 16 Unused Serialized files (Serialized files now loaded: 0)
Unloading 16 unused Assets / (21.9 KB). Loaded Objects now: 3699.
Memory consumption went from 46.7 MB to 46.7 MB.
Total: 2.993000 ms (FindLiveObjects: 0.274200 ms CreateObjectMapping: 0.109200 ms MarkObjects: 2.591700 ms  DeleteObjects: 0.016700 ms)

AssetImportParameters requested are different than current active one (requested -> active):
  custom:video-decoder-ogg-theora: a1e56fd34408186e4bbccfd4996cb3dc -> 
  custom:container-muxer-webm: aa71ff27fc2769a1b78a27578f13a17b -> 
  custom:container-demuxer-webm: 4f35f7cbe854078d1ac9338744f61a02 -> 
  custom:video-encoder-webm-vp8: eb34c28f22e8b96e1ab97ce403110664 -> 
  custom:audio-encoder-webm-vorbis: bf7c407c2cedff20999df2af8eb42d56 -> 
  custom:framework-win-MediaFoundation: 216162199b28c13a410421893ffa2e32 -> 
  custom:container-demuxer-ogg: 62fdf1f143b41e24485cea50d1cbac27 -> 
  custom:video-decoder-webm-vp8: 9c59270c3fd7afecdb556c50c9e8de78 -> 
  custom:audio-decoder-ogg-vorbis: bf7c407c2cedff20999df2af8eb42d56 -> 
========================================================================
Received Import Request.
  Time since last request: 612.864464 seconds.
  path: Assets/WebGLTemplates/Better2020/TemplateData/fullscreen-button.png
  artifactKey: Guid(af0851458672b61478d5b0c07252aa2c) Importer(815301076,1909f56bfc062723c751e8b465ee728b)
Start importing Assets/WebGLTemplates/Better2020/TemplateData/fullscreen-button.png using Guid(af0851458672b61478d5b0c07252aa2c) Importer(815301076,1909f56bfc062723c751e8b465ee728b)  -> (artifact id: 'ee9dcfa8f9f0f85845dcc4535c7eb953') in 0.021566 seconds 
========================================================================
Received Import Request.
  Time since last request: 3.620821 seconds.
  path: Assets/WebGLTemplates/Better2020/thumbnail.png
  artifactKey: Guid(f626db55f3501504c8c6b7602441112d) Importer(815301076,1909f56bfc062723c751e8b465ee728b)
Start importing Assets/WebGLTemplates/Better2020/thumbnail.png using Guid(f626db55f3501504c8c6b7602441112d) Importer(815301076,1909f56bfc062723c751e8b465ee728b)  -> (artifact id: '790a77713cc3b60bf87635bf438ddd93') in 0.005204 seconds 
========================================================================
Received Import Request.
  Time since last request: 4.270163 seconds.
  path: Assets/WebGLTemplates/Better2020/TemplateData/favicon.ico
  artifactKey: Guid(067a83d33a9eaba4b9b8808e63c8d03e) Importer(815301076,1909f56bfc062723c751e8b465ee728b)
Start importing Assets/WebGLTemplates/Better2020/TemplateData/favicon.ico using Guid(067a83d33a9eaba4b9b8808e63c8d03e) Importer(815301076,1909f56bfc062723c751e8b465ee728b)  -> (artifact id: '97454b40ae1f6ccf2ad777660e1ba2c2') in 0.007252 seconds 
========================================================================
Received Import Request.
  Time since last request: 4.644300 seconds.
  path: Assets/WebGLTemplates/Better2020/TemplateData/style.css
  artifactKey: Guid(59f7d3f3abae98343bbccf02ed108b45) Importer(815301076,1909f56bfc062723c751e8b465ee728b)
Start importing Assets/WebGLTemplates/Better2020/TemplateData/style.css using Guid(59f7d3f3abae98343bbccf02ed108b45) Importer(815301076,1909f56bfc062723c751e8b465ee728b)  -> (artifact id: 'c450381c97bf1ae3f7c74fa2b432d194') in 0.007674 seconds 
========================================================================
Received Prepare
Refreshing native plugins compatible for Editor in 4.03 ms, found 3 plugins.
Preloading 0 native plugins for Editor in 0.00 ms.
Unloading 16 Unused Serialized files (Serialized files now loaded: 0)
Unloading 16 unused Assets / (21.9 KB). Loaded Objects now: 3699.
Memory consumption went from 46.7 MB to 46.7 MB.
Total: 6.165600 ms (FindLiveObjects: 0.635300 ms CreateObjectMapping: 0.178900 ms MarkObjects: 5.308300 ms  DeleteObjects: 0.041500 ms)

AssetImportParameters requested are different than current active one (requested -> active):
  custom:video-decoder-ogg-theora: a1e56fd34408186e4bbccfd4996cb3dc -> 
  custom:container-muxer-webm: aa71ff27fc2769a1b78a27578f13a17b -> 
  custom:container-demuxer-webm: 4f35f7cbe854078d1ac9338744f61a02 -> 
  custom:video-encoder-webm-vp8: eb34c28f22e8b96e1ab97ce403110664 -> 
  custom:audio-encoder-webm-vorbis: bf7c407c2cedff20999df2af8eb42d56 -> 
  custom:framework-win-MediaFoundation: 216162199b28c13a410421893ffa2e32 -> 
  custom:container-demuxer-ogg: 62fdf1f143b41e24485cea50d1cbac27 -> 
  custom:video-decoder-webm-vp8: 9c59270c3fd7afecdb556c50c9e8de78 -> 
  custom:audio-decoder-ogg-vorbis: bf7c407c2cedff20999df2af8eb42d56 -> 
